::1 - - [18/Apr/2021:16:00:26 +0000] "POST /api/lessons HTTP/1.1" 200 264 "-" "PostmanRuntime/7.26.10"
::1 - - [18/Apr/2021:16:00:46 +0000] "POST /api/users HTTP/1.1" 200 439 "-" "PostmanRuntime/7.26.10"
::1 - - [18/Apr/2021:16:01:06 +0000] "POST /api/lessons HTTP/1.1" 403 154 "-" "PostmanRuntime/7.26.10"
::1 - - [18/Apr/2021:16:47:01 +0000] "POST /api/lessons HTTP/1.1" 403 154 "-" "PostmanRuntime/7.26.10"
::1 - - [18/Apr/2021:16:47:12 +0000] "POST /api/users/login HTTP/1.1" 200 435 "-" "PostmanRuntime/7.26.10"
::1 - - [18/Apr/2021:16:47:16 +0000] "POST /api/lessons HTTP/1.1" 200 305 "-" "PostmanRuntime/7.26.10"
::1 - - [18/Apr/2021:17:01:10 +0000] "POST /api/users/register HTTP/1.1" 500 212 "-" "PostmanRuntime/7.26.10"
::1 - - [18/Apr/2021:17:04:32 +0000] "POST /api/users/register HTTP/1.1" 200 445 "-" "PostmanRuntime/7.26.10"
::1 - - [18/Apr/2021:17:06:16 +0000] "GET /api/users HTTP/1.1" 200 443 "-" "PostmanRuntime/7.26.10"
::1 - - [18/Apr/2021:17:07:25 +0000] "GET /api/users/607c669e9db15d1a7076e279 HTTP/1.1" 200 167 "-" "PostmanRuntime/7.26.10"
::1 - - [18/Apr/2021:17:09:29 +0000] "GET /api/users HTTP/1.1" 200 443 "-" "PostmanRuntime/7.26.10"
::1 - - [18/Apr/2021:17:10:11 +0000] "PUT /api/users/607c669e9db15d1a7076e279 HTTP/1.1" 200 170 "-" "PostmanRuntime/7.26.10"
::1 - - [18/Apr/2021:17:10:18 +0000] "GET /api/users HTTP/1.1" 200 446 "-" "PostmanRuntime/7.26.10"
::1 - - [18/Apr/2021:17:10:59 +0000] "DELETE /api/users/607c669e9db15d1a7076e279 HTTP/1.1" 200 170 "-" "PostmanRuntime/7.26.10"
::1 - - [18/Apr/2021:17:11:05 +0000] "GET /api/users HTTP/1.1" 200 299 "-" "PostmanRuntime/7.26.10"
::1 - - [18/Apr/2021:17:11:54 +0000] "GET /api/users/607c669e9db15d1a7076e279 HTTP/1.1" 400 126 "-" "PostmanRuntime/7.26.10"
::1 - - [18/Apr/2021:17:13:09 +0000] "POST /api/users HTTP/1.1" 200 241 "-" "PostmanRuntime/7.26.10"
::1 - - [18/Apr/2021:17:13:20 +0000] "POST /api/users HTTP/1.1" 500 262 "-" "PostmanRuntime/7.26.10"
::1 - - [18/Apr/2021:17:27:54 +0000] "GET /api/users HTTP/1.1" 200 443 "-" "PostmanRuntime/7.26.10"
::1 - - [18/Apr/2021:17:30:00 +0000] "GET /api/lessons/607988a4175cde33984b6406 HTTP/1.1" 200 242 "-" "PostmanRuntime/7.26.10"
::1 - - [18/Apr/2021:17:30:07 +0000] "GET /api/chapters/6076f93c3159173440e2f3f6/lessons HTTP/1.1" 200 738 "-" "PostmanRuntime/7.26.10"
::1 - - [18/Apr/2021:17:30:13 +0000] "GET /api/lessons HTTP/1.1" 200 1909 "-" "PostmanRuntime/7.26.10"
::1 - - [18/Apr/2021:17:37:01 +0000] "GET /api/lessons HTTP/1.1" 200 36 "-" "PostmanRuntime/7.26.10"
::1 - - [18/Apr/2021:17:37:05 +0000] "GET /api/users HTTP/1.1" 200 26 "-" "PostmanRuntime/7.26.10"
::1 - - [18/Apr/2021:17:37:59 +0000] "GET /api/chapters HTTP/1.1" 200 477 "-" "PostmanRuntime/7.26.10"
::1 - - [18/Apr/2021:17:58:30 +0000] "GET /api/users HTTP/1.1" 200 443 "-" "PostmanRuntime/7.26.10"
::1 - - [18/Apr/2021:17:58:34 +0000] "GET /api/users/607bf046cc10af0d8c4614e1 HTTP/1.1" 200 159 "-" "PostmanRuntime/7.26.10"
::1 - - [18/Apr/2021:18:03:41 +0000] "POST /api/users/login HTTP/1.1" 401 124 "-" "PostmanRuntime/7.26.10"
::1 - - [18/Apr/2021:18:03:52 +0000] "GET /api/users HTTP/1.1" 401 184 "-" "PostmanRuntime/7.26.10"
::1 - - [18/Apr/2021:18:04:26 +0000] "POST /api/users/login HTTP/1.1" 401 124 "-" "PostmanRuntime/7.26.10"
::1 - - [18/Apr/2021:18:04:51 +0000] "POST /api/users/login HTTP/1.1" 200 435 "-" "PostmanRuntime/7.26.10"
::1 - - [18/Apr/2021:18:04:59 +0000] "GET /api/users HTTP/1.1" 401 184 "-" "PostmanRuntime/7.26.10"
::1 - - [18/Apr/2021:18:05:53 +0000] "POST /api/users/login HTTP/1.1" 200 435 "-" "PostmanRuntime/7.26.10"
::1 - - [18/Apr/2021:18:05:56 +0000] "GET /api/users HTTP/1.1" 401 184 "-" "PostmanRuntime/7.26.10"
::1 - - [18/Apr/2021:18:07:58 +0000] "POST /api/users/login HTTP/1.1" 200 435 "-" "PostmanRuntime/7.26.10"
::1 - - [18/Apr/2021:18:08:04 +0000] "GET /api/users HTTP/1.1" 200 443 "-" "PostmanRuntime/7.26.10"
::1 - - [18/Apr/2021:19:03:36 +0000] "POST /api/users/forgot-password HTTP/1.1" 400 128 "-" "PostmanRuntime/7.26.10"
::1 - - [18/Apr/2021:19:05:16 +0000] "POST /api/users/forgot-password HTTP/1.1" 200 66 "-" "PostmanRuntime/7.26.10"
::1 - - [18/Apr/2021:19:06:10 +0000] "POST /api/users/forgot-password HTTP/1.1" 200 66 "-" "PostmanRuntime/7.26.10"
::1 - - [18/Apr/2021:19:10:47 +0000] "POST /api/users/forgot-password HTTP/1.1" 200 66 "-" "PostmanRuntime/7.26.10"
::1 - - [18/Apr/2021:19:11:54 +0000] "POST /api/users/forgot-password HTTP/1.1" 200 66 "-" "PostmanRuntime/7.26.10"
::1 - - [18/Apr/2021:19:18:20 +0000] "POST /api/users/forgot-password HTTP/1.1" 200 72 "-" "PostmanRuntime/7.26.10"
::1 - - [18/Apr/2021:19:18:51 +0000] "POST /api/users/forgot-password HTTP/1.1" 200 72 "-" "PostmanRuntime/7.26.10"
::1 - - [18/Apr/2021:20:49:56 +0000] "POST /api/users/forgot-password HTTP/1.1" 200 363 "-" "PostmanRuntime/7.26.10"
::1 - - [18/Apr/2021:20:52:03 +0000] "POST /api/users/forgot-password HTTP/1.1" 200 457 "-" "PostmanRuntime/7.26.10"
::1 - - [18/Apr/2021:20:52:59 +0000] "POST /api/users/forgot-password HTTP/1.1" 200 476 "-" "PostmanRuntime/7.26.10"
::1 - - [18/Apr/2021:20:56:28 +0000] "POST /api/users/forgot-password HTTP/1.1" 200 476 "-" "PostmanRuntime/7.26.10"
::1 - - [18/Apr/2021:21:08:22 +0000] "POST /api/users/reset-password HTTP/1.1" 400 134 "-" "PostmanRuntime/7.26.10"
::1 - - [18/Apr/2021:21:11:06 +0000] "POST /api/users/reset-password HTTP/1.1" 400 96 "-" "PostmanRuntime/7.26.10"
::1 - - [18/Apr/2021:21:11:16 +0000] "POST /api/users/forgot-password HTTP/1.1" 200 476 "-" "PostmanRuntime/7.26.10"
::1 - - [18/Apr/2021:21:11:24 +0000] "POST /api/users/reset-password HTTP/1.1" 400 96 "-" "PostmanRuntime/7.26.10"
::1 - - [18/Apr/2021:21:11:41 +0000] "POST /api/users/reset-password HTTP/1.1" 400 96 "-" "PostmanRuntime/7.26.10"
::1 - - [18/Apr/2021:21:12:05 +0000] "GET /api/users HTTP/1.1" 500 80 "-" "PostmanRuntime/7.26.10"
::1 - - [18/Apr/2021:21:12:22 +0000] "POST /api/users/login HTTP/1.1" 200 435 "-" "PostmanRuntime/7.26.10"
::1 - - [18/Apr/2021:21:12:27 +0000] "GET /api/users HTTP/1.1" 200 580 "-" "PostmanRuntime/7.26.10"
::1 - - [18/Apr/2021:21:13:03 +0000] "POST /api/users/forgot-password HTTP/1.1" 200 476 "-" "PostmanRuntime/7.26.10"
::1 - - [18/Apr/2021:21:14:03 +0000] "POST /api/users/reset-password HTTP/1.1" 400 96 "-" "PostmanRuntime/7.26.10"
::1 - - [18/Apr/2021:21:15:50 +0000] "POST /api/users/forgot-password HTTP/1.1" 200 476 "-" "PostmanRuntime/7.26.10"
::1 - - [18/Apr/2021:21:15:58 +0000] "POST /api/users/reset-password HTTP/1.1" 400 96 "-" "PostmanRuntime/7.26.10"
::1 - - [18/Apr/2021:21:19:04 +0000] "POST /api/users/reset-password HTTP/1.1" 400 96 "-" "PostmanRuntime/7.26.10"
::1 - - [18/Apr/2021:21:20:18 +0000] "POST /api/users/forgot-password HTTP/1.1" 200 476 "-" "PostmanRuntime/7.26.10"
::1 - - [18/Apr/2021:21:21:07 +0000] "POST /api/users/reset-password HTTP/1.1" 400 96 "-" "PostmanRuntime/7.26.10"
::1 - - [18/Apr/2021:21:22:05 +0000] "POST /api/users/reset-password HTTP/1.1" 200 435 "-" "PostmanRuntime/7.26.10"
::1 - - [19/Apr/2021:12:15:27 +0000] "GET /api/chapters HTTP/1.1" 200 477 "-" "PostmanRuntime/7.26.10"
::1 - - [19/Apr/2021:12:15:31 +0000] "GET /api/chapters/6076f6f70b3f53502c7bb2c6 HTTP/1.1" 200 1104 "-" "PostmanRuntime/7.26.10"
::1 - - [19/Apr/2021:12:16:14 +0000] "GET /api/chapters/6076f6f70b3f53502c7bb2c6 HTTP/1.1" 200 1104 "-" "PostmanRuntime/7.26.10"
::1 - - [19/Apr/2021:12:17:11 +0000] "GET /api/lessons HTTP/1.1" 500 100 "-" "PostmanRuntime/7.26.10"
::1 - - [19/Apr/2021:12:17:36 +0000] "GET /api/lessons HTTP/1.1" 200 2455 "-" "PostmanRuntime/7.26.10"
::1 - - [19/Apr/2021:12:19:51 +0000] "GET /api/chapters/6076f6f70b3f53502c7bb2c6 HTTP/1.1" 200 1104 "-" "PostmanRuntime/7.26.10"
::1 - - [19/Apr/2021:15:44:54 +0000] "GET /uploads/chapters/photo_6076f93c3159173440e2f3f6.jpg HTTP/1.1" 404 190 "-" "Mozilla/5.0 (Windows NT 10.0; Win64; x64) AppleWebKit/537.36 (KHTML, like Gecko) Chrome/90.0.4430.72 Safari/537.36"
::1 - - [19/Apr/2021:15:45:13 +0000] "GET /photo_6076f93c3159173440e2f3f6.jpg HTTP/1.1" 404 173 "-" "Mozilla/5.0 (Windows NT 10.0; Win64; x64) AppleWebKit/537.36 (KHTML, like Gecko) Chrome/90.0.4430.72 Safari/537.36"
::1 - - [19/Apr/2021:15:50:27 +0000] "GET /uploads/photo_6076f93c3159173440e2f3f6.jpg HTTP/1.1" 200 203519 "-" "Mozilla/5.0 (Windows NT 10.0; Win64; x64) AppleWebKit/537.36 (KHTML, like Gecko) Chrome/90.0.4430.72 Safari/537.36"
::1 - - [19/Apr/2021:15:50:27 +0000] "GET /favicon.ico HTTP/1.1" 404 150 "http://localhost:8000/uploads/photo_6076f93c3159173440e2f3f6.jpg" "Mozilla/5.0 (Windows NT 10.0; Win64; x64) AppleWebKit/537.36 (KHTML, like Gecko) Chrome/90.0.4430.72 Safari/537.36"
