::1 - - [13/Apr/2021:21:28:33 +0000] "GET /api/categories/99 HTTP/1.1" 200 68 "-" "PostmanRuntime/7.26.10"
::1 - - [13/Apr/2021:21:28:45 +0000] "DELETE /api/categories/12313131 HTTP/1.1" 200 70 "-" "PostmanRuntime/7.26.10"
::1 - - [13/Apr/2021:21:35:35 +0000] "DELETE /api/categories/12313131 HTTP/1.1" 200 70 "-" "PostmanRuntime/7.26.10"
::1 - - [13/Apr/2021:21:46:11 +0000] "GET /api/categories HTTP/1.1" 200 59 "-" "PostmanRuntime/7.26.10"
::1 - - [13/Apr/2021:21:53:05 +0000] "GET /api/chapters HTTP/1.1" 200 58 "-" "PostmanRuntime/7.26.10"
::1 - - [13/Apr/2021:21:53:12 +0000] "GET /api/chapters/111 HTTP/1.1" 200 68 "-" "PostmanRuntime/7.26.10"
::1 - - [13/Apr/2021:21:55:18 +0000] "GET /api/chapters/111 HTTP/1.1" 200 68 "-" "PostmanRuntime/7.26.10"
::1 - - [13/Apr/2021:21:56:04 +0000] "POST /api/chapters HTTP/1.1" 200 47 "-" "PostmanRuntime/7.26.10"
::1 - - [13/Apr/2021:21:57:13 +0000] "PUT /api/chapters/111 HTTP/1.1" 200 66 "-" "PostmanRuntime/7.26.10"
::1 - - [13/Apr/2021:22:00:07 +0000] "DELETE /api/chapters/111 HTTP/1.1" 200 64 "-" "PostmanRuntime/7.26.10"
::1 - - [13/Apr/2021:22:01:27 +0000] "PUT /api/chapters/111 HTTP/1.1" 200 66 "-" "PostmanRuntime/7.26.10"
::1 - - [14/Apr/2021:10:00:44 +0000] "GET /api/chapters HTTP/1.1" 200 58 "-" "PostmanRuntime/7.26.10"
::1 - - [14/Apr/2021:10:01:31 +0000] "GET /api/chapters HTTP/1.1" 200 58 "-" "PostmanRuntime/7.26.10"
::1 - - [14/Apr/2021:10:08:16 +0000] "POST /api/chapters HTTP/1.1" 200 47 "-" "PostmanRuntime/7.26.10"
::1 - - [14/Apr/2021:10:10:04 +0000] "POST /api/chapters HTTP/1.1" 200 47 "-" "PostmanRuntime/7.26.10"
::1 - - [14/Apr/2021:10:14:00 +0000] "POST /api/chapters HTTP/1.1" 200 158 "-" "PostmanRuntime/7.26.10"
::1 - - [14/Apr/2021:10:36:06 +0000] "GET /api/chapters HTTP/1.1" 200 158 "-" "PostmanRuntime/7.26.10"
::1 - - [14/Apr/2021:10:36:25 +0000] "POST /api/chapters HTTP/1.1" 200 149 "-" "PostmanRuntime/7.26.10"
::1 - - [14/Apr/2021:10:36:33 +0000] "GET /api/chapters HTTP/1.1" 200 284 "-" "PostmanRuntime/7.26.10"
::1 - - [14/Apr/2021:12:12:59 +0000] "GET /api/chapters HTTP/1.1" 400 28 "-" "PostmanRuntime/7.26.10"
::1 - - [14/Apr/2021:12:20:09 +0000] "GET /api/chapters HTTP/1.1" 200 284 "-" "PostmanRuntime/7.26.10"
::1 - - [14/Apr/2021:12:23:21 +0000] "GET /api/chapters/111 HTTP/1.1" 400 28 "-" "PostmanRuntime/7.26.10"
::1 - - [14/Apr/2021:12:23:47 +0000] "GET /api/chapters/111 HTTP/1.1" 400 28 "-" "PostmanRuntime/7.26.10"
::1 - - [14/Apr/2021:12:26:01 +0000] "GET /api/chapters/111 HTTP/1.1" 400 108 "-" "PostmanRuntime/7.26.10"
::1 - - [14/Apr/2021:12:26:57 +0000] "GET /api/chapters HTTP/1.1" 200 284 "-" "PostmanRuntime/7.26.10"
::1 - - [14/Apr/2021:12:27:05 +0000] "GET /api/chapters/6076c068811c5052e4d64a52 HTTP/1.1" 200 156 "-" "PostmanRuntime/7.26.10"
::1 - - [14/Apr/2021:12:29:54 +0000] "GET /api/chapters/6076c068811c5052e4d64a53 HTTP/1.1" 400 85 "-" "PostmanRuntime/7.26.10"
::1 - - [14/Apr/2021:14:04:57 +0000] "DELETE /api/chapters/6076c068811c5052e4d64a53 HTTP/1.1" 400 86 "-" "PostmanRuntime/7.26.10"
::1 - - [14/Apr/2021:14:05:07 +0000] "DELETE /api/chapters/6076c068811c5052e4d64a52 HTTP/1.1" 200 156 "-" "PostmanRuntime/7.26.10"
::1 - - [14/Apr/2021:14:05:26 +0000] "GET /api/chapters HTTP/1.1" 200 151 "-" "PostmanRuntime/7.26.10"
::1 - - [14/Apr/2021:14:05:31 +0000] "DELETE /api/chapters/6076c068811c5052e4d64a52asas HTTP/1.1" 400 158 "-" "PostmanRuntime/7.26.10"
::1 - - [14/Apr/2021:14:06:12 +0000] "DELETE /api/chapters/6076c068811c5052e4d64a55 HTTP/1.1" 400 86 "-" "PostmanRuntime/7.26.10"
::1 - - [14/Apr/2021:14:06:29 +0000] "POST /api/chapters HTTP/1.1" 400 142 "-" "PostmanRuntime/7.26.10"
::1 - - [14/Apr/2021:14:06:34 +0000] "GET /api/chapters HTTP/1.1" 200 151 "-" "PostmanRuntime/7.26.10"
::1 - - [14/Apr/2021:14:06:48 +0000] "POST /api/chapters HTTP/1.1" 200 154 "-" "PostmanRuntime/7.26.10"
::1 - - [14/Apr/2021:14:06:51 +0000] "GET /api/chapters HTTP/1.1" 200 282 "-" "PostmanRuntime/7.26.10"
::1 - - [14/Apr/2021:14:11:09 +0000] "PUT /api/chapters/6076f6f70b3f53502c7bb2c6a HTTP/1.1" 400 152 "-" "PostmanRuntime/7.26.10"
::1 - - [14/Apr/2021:14:11:25 +0000] "PUT /api/chapters/6076f6f70b3f53502c7bb2c6 HTTP/1.1" 200 153 "-" "PostmanRuntime/7.26.10"
::1 - - [14/Apr/2021:14:11:45 +0000] "GET /api/chapters HTTP/1.1" 200 281 "-" "PostmanRuntime/7.26.10"
::1 - - [14/Apr/2021:14:13:01 +0000] "PUT /api/chapters/6076f6f70b3f53502c7bb2c6 HTTP/1.1" 200 161 "-" "PostmanRuntime/7.26.10"
::1 - - [14/Apr/2021:14:13:05 +0000] "GET /api/chapters HTTP/1.1" 200 289 "-" "PostmanRuntime/7.26.10"
::1 - - [14/Apr/2021:14:13:39 +0000] "PUT /api/chapters/6076f6f70b3f53502c7bb2c4 HTTP/1.1" 400 86 "-" "PostmanRuntime/7.26.10"
::1 - - [14/Apr/2021:14:16:13 +0000] "GET /api/chapters HTTP/1.1" 200 289 "-" "PostmanRuntime/7.26.10"
::1 - - [14/Apr/2021:14:16:28 +0000] "POST /api/chapters HTTP/1.1" 200 159 "-" "PostmanRuntime/7.26.10"
::1 - - [14/Apr/2021:14:16:32 +0000] "GET /api/chapters HTTP/1.1" 200 425 "-" "PostmanRuntime/7.26.10"
::1 - - [14/Apr/2021:14:25:33 +0000] "GET /api/chapters/6076c068811c5052e4d64a53 HTTP/1.1" 400 86 "-" "PostmanRuntime/7.26.10"
::1 - - [14/Apr/2021:14:25:38 +0000] "GET /api/chapters/6076c068811c5052e4d64a52 HTTP/1.1" 400 86 "-" "PostmanRuntime/7.26.10"
::1 - - [14/Apr/2021:14:25:46 +0000] "GET /api/chapters HTTP/1.1" 200 425 "-" "PostmanRuntime/7.26.10"
::1 - - [14/Apr/2021:14:25:53 +0000] "GET /api/chapters/6076f6f70b3f53502c7bb2c6 HTTP/1.1" 200 161 "-" "PostmanRuntime/7.26.10"
::1 - - [14/Apr/2021:14:25:58 +0000] "GET /api/chapters/6076f6f70b3f53502c7bb2c6a HTTP/1.1" 500 129 "-" "PostmanRuntime/7.26.10"
::1 - - [14/Apr/2021:14:26:36 +0000] "GET /api/chapters/6076f6f70b3f53502c7bb2c6a HTTP/1.1" 500 129 "-" "PostmanRuntime/7.26.10"
::1 - - [14/Apr/2021:14:26:45 +0000] "GET /api/chapters/6076f6f70b3f53502c7bb2c6a HTTP/1.1" 500 129 "-" "PostmanRuntime/7.26.10"
::1 - - [14/Apr/2021:14:26:48 +0000] "GET /api/chapters/6076f6f70b3f53502c7bb2c6aa HTTP/1.1" 500 130 "-" "PostmanRuntime/7.26.10"
::1 - - [14/Apr/2021:14:26:54 +0000] "GET /api/chapters/6076f6f70b3f53502c7bb2c6 HTTP/1.1" 200 161 "-" "PostmanRuntime/7.26.10"
::1 - - [14/Apr/2021:14:26:58 +0000] "GET /api/chapters/6076f6f70b3f53502c7bb2c6w HTTP/1.1" 500 129 "-" "PostmanRuntime/7.26.10"
::1 - - [14/Apr/2021:14:28:26 +0000] "GET /api/chapters/6076f6f70b3f53502c7bb2c6w HTTP/1.1" 500 129 "-" "PostmanRuntime/7.26.10"
::1 - - [14/Apr/2021:14:28:29 +0000] "GET /api/chapters/6076f6f70b3f53502c7bb2c6 HTTP/1.1" 200 161 "-" "PostmanRuntime/7.26.10"
::1 - - [14/Apr/2021:14:28:47 +0000] "PUT /api/chapters/6076f6f70b3f53502c7bb2c6 HTTP/1.1" 200 174 "-" "PostmanRuntime/7.26.10"
::1 - - [14/Apr/2021:14:28:51 +0000] "GET /api/chapters HTTP/1.1" 200 438 "-" "PostmanRuntime/7.26.10"
::1 - - [14/Apr/2021:14:28:56 +0000] "GET /api/chapters/6076f6f70b3f53502c7bb2c6 HTTP/1.1" 200 174 "-" "PostmanRuntime/7.26.10"
::1 - - [14/Apr/2021:14:30:23 +0000] "PUT /api/chapters/6076f6f70b3f53502c7bb2c6 HTTP/1.1" 200 173 "-" "PostmanRuntime/7.26.10"
::1 - - [14/Apr/2021:14:30:26 +0000] "GET /api/chapters HTTP/1.1" 200 437 "-" "PostmanRuntime/7.26.10"
::1 - - [14/Apr/2021:14:30:30 +0000] "GET /api/chapters/6076f6f70b3f53502c7bb2c6 HTTP/1.1" 200 173 "-" "PostmanRuntime/7.26.10"
::1 - - [14/Apr/2021:15:15:14 +0000] "GET /api/chapters/6076f6f70b3f53502c7bb2c6 HTTP/1.1" 200 173 "-" "PostmanRuntime/7.26.10"
::1 - - [14/Apr/2021:15:15:24 +0000] "GET /api/chapters/6076f6f70b3f53502c7bb2c6a HTTP/1.1" 500 129 "-" "PostmanRuntime/7.26.10"
::1 - - [14/Apr/2021:15:15:32 +0000] "GET /api/chapters/6076f6f70b3f53502c7bb2c65 HTTP/1.1" 500 129 "-" "PostmanRuntime/7.26.10"
::1 - - [14/Apr/2021:15:15:59 +0000] "GET /api/chapters HTTP/1.1" 200 437 "-" "PostmanRuntime/7.26.10"
::1 - - [14/Apr/2021:15:16:06 +0000] "GET /api/chapters/6076f6f70b3f53502c7bb2c62 HTTP/1.1" 500 129 "-" "PostmanRuntime/7.26.10"
::1 - - [14/Apr/2021:15:16:10 +0000] "GET /api/chapters/6076f6f70b3f53502c7bb2c2 HTTP/1.1" 400 86 "-" "PostmanRuntime/7.26.10"
::1 - - [14/Apr/2021:15:28:45 +0000] "GET /api/chapters/6076f6f70b3f53502c7bb2c6 HTTP/1.1" 200 173 "-" "PostmanRuntime/7.26.10"
