::1 - - [15/Apr/2021:16:40:21 +0000] "GET /api/lessons HTTP/1.1" 200 1267 "-" "PostmanRuntime/7.26.10"
::1 - - [15/Apr/2021:16:40:43 +0000] "GET /api/lessons HTTP/1.1" 200 1267 "-" "PostmanRuntime/7.26.10"
::1 - - [15/Apr/2021:16:40:47 +0000] "GET /api/chapters/607858eb69cfe92c1042bf3c/lessons HTTP/1.1" 200 271 "-" "PostmanRuntime/7.26.10"
::1 - - [16/Apr/2021:09:39:57 +0000] "GET /api/lessons HTTP/1.1" 200 1267 "-" "PostmanRuntime/7.26.10"
::1 - - [16/Apr/2021:09:40:20 +0000] "GET /api/lessons/6077f103a8d3281e9c93ed6d HTTP/1.1" 200 259 "-" "PostmanRuntime/7.26.10"
::1 - - [16/Apr/2021:09:55:48 +0000] "PUT /api/lessons/6077f103a8d3281e9c93ed6d/file HTTP/1.1" 200 - "-" "PostmanRuntime/7.26.10"
::1 - - [16/Apr/2021:12:39:24 +0000] "PUT /api/lessons/6077f103a8d3281e9c93ed6d/file HTTP/1.1" 400 67 "-" "PostmanRuntime/7.26.10"
::1 - - [16/Apr/2021:12:40:10 +0000] "PUT /api/lessons/6077f103a8d3281e9c93ed6d/file HTTP/1.1" 200 60 "-" "PostmanRuntime/7.26.10"
::1 - - [16/Apr/2021:12:41:07 +0000] "PUT /api/lessons/6077f103a8d3281e9c93ed6d/file HTTP/1.1" 400 89 "-" "PostmanRuntime/7.26.10"
::1 - - [16/Apr/2021:12:41:30 +0000] "PUT /api/lessons/6077f103a8d3281e9c93ed6d/file HTTP/1.1" 400 89 "-" "PostmanRuntime/7.26.10"
::1 - - [16/Apr/2021:12:42:22 +0000] "PUT /api/lessons/6077f103a8d3281e9c93ed6d/file HTTP/1.1" 200 60 "-" "PostmanRuntime/7.26.10"
::1 - - [16/Apr/2021:12:45:29 +0000] "PUT /api/lessons/6077f103a8d3281e9c93ed6d/file HTTP/1.1" 400 89 "-" "PostmanRuntime/7.26.10"
::1 - - [16/Apr/2021:12:45:44 +0000] "PUT /api/lessons/6077f103a8d3281e9c93ed6d/file HTTP/1.1" 400 89 "-" "PostmanRuntime/7.26.10"
::1 - - [16/Apr/2021:12:46:08 +0000] "PUT /api/lessons/6077f103a8d3281e9c93ed6d/file HTTP/1.1" 200 60 "-" "PostmanRuntime/7.26.10"
::1 - - [16/Apr/2021:12:49:47 +0000] "GET /api/lessons HTTP/1.1" 200 1267 "-" "PostmanRuntime/7.26.10"
::1 - - [16/Apr/2021:12:50:11 +0000] "GET /api/lessons/6077f103a8d3281e9c93ed6d HTTP/1.1" 200 259 "-" "PostmanRuntime/7.26.10"
::1 - - [16/Apr/2021:12:52:30 +0000] "GET /api/lessons HTTP/1.1" 200 36 "-" "PostmanRuntime/7.26.10"
::1 - - [16/Apr/2021:12:52:34 +0000] "GET /api/chapters HTTP/1.1" 200 26 "-" "PostmanRuntime/7.26.10"
::1 - - [16/Apr/2021:12:52:53 +0000] "GET /api/chapters HTTP/1.1" 200 477 "-" "PostmanRuntime/7.26.10"
::1 - - [16/Apr/2021:12:53:36 +0000] "GET /api/lessons HTTP/1.1" 200 1554 "-" "PostmanRuntime/7.26.10"
::1 - - [16/Apr/2021:12:53:41 +0000] "GET /api/chapters/607858eb69cfe92c1042bf3c/lessons HTTP/1.1" 200 36 "-" "PostmanRuntime/7.26.10"
::1 - - [16/Apr/2021:12:53:48 +0000] "GET /api/chapters/6076f6f70b3f53502c7bb2c6/lessons HTTP/1.1" 200 515 "-" "PostmanRuntime/7.26.10"
::1 - - [16/Apr/2021:12:56:19 +0000] "GET /api/lessons/6077f103a8d3281e9c93ed6d HTTP/1.1" 404 96 "-" "PostmanRuntime/7.26.10"
::1 - - [16/Apr/2021:12:56:25 +0000] "GET /api/lessons HTTP/1.1" 200 1554 "-" "PostmanRuntime/7.26.10"
::1 - - [16/Apr/2021:12:56:38 +0000] "GET /api/lessons/607988a4175cde33984b6406 HTTP/1.1" 200 261 "-" "PostmanRuntime/7.26.10"
::1 - - [16/Apr/2021:12:58:19 +0000] "GET /api/lessons/607988a4175cde33984b6406 HTTP/1.1" 200 261 "-" "PostmanRuntime/7.26.10"
::1 - - [16/Apr/2021:12:58:24 +0000] "GET /api/lessons HTTP/1.1" 200 1554 "-" "PostmanRuntime/7.26.10"
::1 - - [16/Apr/2021:12:59:47 +0000] "PUT /api/lessons/607988a4175cde33984b6406/file HTTP/1.1" 200 62 "-" "PostmanRuntime/7.26.10"
::1 - - [16/Apr/2021:14:50:32 +0000] "GET /api/chapters/6076f93c3159173440e2f3f6 HTTP/1.1" 200 958 "-" "PostmanRuntime/7.26.10"
::1 - - [16/Apr/2021:14:52:02 +0000] "PUT /api/chapters/6076f93c3159173440e2f3f6/photo HTTP/1.1" 500 47 "-" "PostmanRuntime/7.26.10"
::1 - - [16/Apr/2021:14:52:35 +0000] "PUT /api/chapters/6076f93c3159173440e2f3f6/photo HTTP/1.1" 500 47 "-" "PostmanRuntime/7.26.10"
::1 - - [16/Apr/2021:14:53:11 +0000] "PUT /api/chapters/6076f93c3159173440e2f3f6/photo HTTP/1.1" 500 47 "-" "PostmanRuntime/7.26.10"
::1 - - [16/Apr/2021:14:53:58 +0000] "PUT /api/chapters/6076f93c3159173440e2f3f6/photo HTTP/1.1" 500 47 "-" "PostmanRuntime/7.26.10"
::1 - - [16/Apr/2021:14:56:41 +0000] "PUT /api/chapters/6076f93c3159173440e2f3f6/photo HTTP/1.1" 200 60 "-" "PostmanRuntime/7.26.10"
::1 - - [16/Apr/2021:14:58:25 +0000] "GET /api/chapters/6076f6f70b3f53502c7bb2c6 HTTP/1.1" 200 735 "-" "PostmanRuntime/7.26.10"
::1 - - [16/Apr/2021:14:58:43 +0000] "PUT /api/chapters/6076f93c3159173440e2f3f6/photo HTTP/1.1" 200 60 "-" "PostmanRuntime/7.26.10"
::1 - - [16/Apr/2021:14:59:04 +0000] "GET /api/chapters/6076f6f70b3f53502c7bb2c6 HTTP/1.1" 200 735 "-" "PostmanRuntime/7.26.10"
::1 - - [16/Apr/2021:14:59:13 +0000] "GET /api/chapters/6076f93c3159173440e2f3f6 HTTP/1.1" 200 927 "-" "PostmanRuntime/7.26.10"
