::1 - - [17/Apr/2021:16:33:54 +0000] "POST /api/users/register HTTP/1.1" 200 16 "-" "PostmanRuntime/7.26.10"
::1 - - [17/Apr/2021:16:34:41 +0000] "POST /api/users HTTP/1.1" 200 16 "-" "PostmanRuntime/7.26.10"
::1 - - [17/Apr/2021:16:35:07 +0000] "POST /api/users HTTP/1.1" 200 87 "-" "PostmanRuntime/7.26.10"
::1 - - [17/Apr/2021:16:55:01 +0000] "POST /api/users HTTP/1.1" 200 106 "-" "PostmanRuntime/7.26.10"
::1 - - [17/Apr/2021:16:55:59 +0000] "POST /api/users HTTP/1.1" 200 89 "-" "PostmanRuntime/7.26.10"
::1 - - [17/Apr/2021:16:58:04 +0000] "POST /api/users HTTP/1.1" 200 104 "-" "PostmanRuntime/7.26.10"
::1 - - [17/Apr/2021:16:59:25 +0000] "POST /api/users HTTP/1.1" 200 186 "-" "PostmanRuntime/7.26.10"
::1 - - [17/Apr/2021:17:03:59 +0000] "POST /api/users HTTP/1.1" 500 119 "-" "PostmanRuntime/7.26.10"
::1 - - [17/Apr/2021:17:04:33 +0000] "POST /api/users HTTP/1.1" 500 119 "-" "PostmanRuntime/7.26.10"
::1 - - [17/Apr/2021:17:05:50 +0000] "POST /api/users HTTP/1.1" 500 136 "-" "PostmanRuntime/7.26.10"
::1 - - [17/Apr/2021:17:06:07 +0000] "POST /api/users HTTP/1.1" 200 234 "-" "PostmanRuntime/7.26.10"
::1 - - [17/Apr/2021:17:06:47 +0000] "POST /api/users HTTP/1.1" 200 234 "-" "PostmanRuntime/7.26.10"
::1 - - [17/Apr/2021:18:43:53 +0000] "POST /api/users HTTP/1.1" 200 414 "-" "PostmanRuntime/7.26.10"
::1 - - [17/Apr/2021:19:55:36 +0000] "POST /api/users/login HTTP/1.1" 200 234 "-" "PostmanRuntime/7.26.10"
::1 - - [17/Apr/2021:19:55:46 +0000] "POST /api/users/login HTTP/1.1" 500 85 "-" "PostmanRuntime/7.26.10"
::1 - - [17/Apr/2021:19:56:18 +0000] "POST /api/users/login HTTP/1.1" 401 95 "-" "PostmanRuntime/7.26.10"
::1 - - [17/Apr/2021:19:56:22 +0000] "POST /api/users/login HTTP/1.1" 200 234 "-" "PostmanRuntime/7.26.10"
::1 - - [18/Apr/2021:08:34:54 +0000] "POST /api/users/login HTTP/1.1" 200 234 "-" "PostmanRuntime/7.26.10"
::1 - - [18/Apr/2021:08:36:38 +0000] "POST /api/users HTTP/1.1" 200 235 "-" "PostmanRuntime/7.26.10"
::1 - - [18/Apr/2021:08:39:34 +0000] "POST /api/users HTTP/1.1" 200 417 "-" "PostmanRuntime/7.26.10"
::1 - - [18/Apr/2021:08:39:59 +0000] "POST /api/users/login HTTP/1.1" 200 417 "-" "PostmanRuntime/7.26.10"
::1 - - [18/Apr/2021:08:41:29 +0000] "GET /api/lessons HTTP/1.1" 200 1542 "-" "PostmanRuntime/7.26.10"
::1 - - [18/Apr/2021:08:41:40 +0000] "PUT /api/lessons/607988a4175cde33984b6406 HTTP/1.1" 200 245 "-" "PostmanRuntime/7.26.10"
::1 - - [18/Apr/2021:08:42:01 +0000] "PUT /api/lessons/607988a4175cde33984b6406 HTTP/1.1" 200 252 "-" "PostmanRuntime/7.26.10"
::1 - - [18/Apr/2021:09:02:09 +0000] "PUT /api/lessons/607988a4175cde33984b6406 HTTP/1.1" 200 238 "-" "PostmanRuntime/7.26.10"
::1 - - [18/Apr/2021:09:02:37 +0000] "PUT /api/lessons/607988a4175cde33984b6406 HTTP/1.1" 401 155 "-" "PostmanRuntime/7.26.10"
::1 - - [18/Apr/2021:09:03:00 +0000] "PUT /api/lessons/607988a4175cde33984b6406 HTTP/1.1" 500 41 "-" "PostmanRuntime/7.26.10"
::1 - - [18/Apr/2021:09:03:09 +0000] "PUT /api/lessons/607988a4175cde33984b6406 HTTP/1.1" 200 249 "-" "PostmanRuntime/7.26.10"
::1 - - [18/Apr/2021:09:07:42 +0000] "PUT /api/lessons/607988a4175cde33984b6406 HTTP/1.1" 500 1500 "-" "PostmanRuntime/7.26.10"
::1 - - [18/Apr/2021:09:08:52 +0000] "PUT /api/lessons/607988a4175cde33984b6406 HTTP/1.1" 500 138 "-" "PostmanRuntime/7.26.10"
::1 - - [18/Apr/2021:09:09:04 +0000] "PUT /api/lessons/607988a4175cde33984b6406 HTTP/1.1" 200 249 "-" "PostmanRuntime/7.26.10"
::1 - - [18/Apr/2021:09:09:15 +0000] "PUT /api/lessons/607988a4175cde33984b6406 HTTP/1.1" 200 242 "-" "PostmanRuntime/7.26.10"
::1 - - [18/Apr/2021:09:14:14 +0000] "PUT /api/lessons/607988a4175cde33984b6406 HTTP/1.1" 200 242 "-" "PostmanRuntime/7.26.10"
::1 - - [18/Apr/2021:09:14:40 +0000] "DELETE /api/chapters/111 HTTP/1.1" 401 184 "-" "PostmanRuntime/7.26.10"
::1 - - [18/Apr/2021:09:14:46 +0000] "GET /api/chapters HTTP/1.1" 200 446 "-" "PostmanRuntime/7.26.10"
::1 - - [18/Apr/2021:09:14:57 +0000] "PUT /api/chapters/6076f6f70b3f53502c7bb2c6 HTTP/1.1" 401 184 "-" "PostmanRuntime/7.26.10"
::1 - - [18/Apr/2021:09:15:06 +0000] "GET /api/chapters/6076f6f70b3f53502c7bb2c6 HTTP/1.1" 200 728 "-" "PostmanRuntime/7.26.10"
::1 - - [18/Apr/2021:09:15:53 +0000] "PUT /api/chapters/6076f6f70b3f53502c7bb2c6 HTTP/1.1" 401 184 "-" "PostmanRuntime/7.26.10"
::1 - - [18/Apr/2021:09:16:33 +0000] "PUT /api/chapters/6076f6f70b3f53502c7bb2c6 HTTP/1.1" 200 265 "-" "PostmanRuntime/7.26.10"
::1 - - [18/Apr/2021:09:16:38 +0000] "GET /api/chapters HTTP/1.1" 200 456 "-" "PostmanRuntime/7.26.10"
::1 - - [18/Apr/2021:15:12:37 +0000] "POST /api/users/login HTTP/1.1" 200 417 "-" "PostmanRuntime/7.26.10"
::1 - - [18/Apr/2021:15:14:35 +0000] "PUT /api/chapters/6076f6f70b3f53502c7bb2c6 HTTP/1.1" 401 184 "-" "PostmanRuntime/7.26.10"
::1 - - [18/Apr/2021:15:14:47 +0000] "PUT /api/chapters/6076f6f70b3f53502c7bb2c6 HTTP/1.1" 200 265 "-" "PostmanRuntime/7.26.10"
::1 - - [18/Apr/2021:15:15:07 +0000] "DELETE /api/chapters/111 HTTP/1.1" 500 200 "-" "PostmanRuntime/7.26.10"
::1 - - [18/Apr/2021:15:25:17 +0000] "GET /api/lessons HTTP/1.1" 500 100 "-" "PostmanRuntime/7.26.10"
::1 - - [18/Apr/2021:15:26:37 +0000] "GET /api/lessons HTTP/1.1" 500 100 "-" "PostmanRuntime/7.26.10"
::1 - - [18/Apr/2021:15:27:02 +0000] "GET /api/lessons HTTP/1.1" 500 100 "-" "PostmanRuntime/7.26.10"
::1 - - [18/Apr/2021:15:28:12 +0000] "GET /api/lessons HTTP/1.1" 500 100 "-" "PostmanRuntime/7.26.10"
::1 - - [18/Apr/2021:15:30:00 +0000] "GET /api/lessons HTTP/1.1" 500 100 "-" "PostmanRuntime/7.26.10"
::1 - - [18/Apr/2021:15:30:17 +0000] "GET /api/chapters HTTP/1.1" 500 101 "-" "PostmanRuntime/7.26.10"
::1 - - [18/Apr/2021:15:36:30 +0000] "GET /api/lessons HTTP/1.1" 200 1555 "-" "PostmanRuntime/7.26.10"
::1 - - [18/Apr/2021:15:37:51 +0000] "DELETE /api/lessons/607988a4175cde33984b6407 HTTP/1.1" 200 306 "-" "PostmanRuntime/7.26.10"
::1 - - [18/Apr/2021:15:56:28 +0000] "GET /api/lessons HTTP/1.1" 200 1240 "-" "PostmanRuntime/7.26.10"
::1 - - [18/Apr/2021:15:57:05 +0000] "POST /api/users/login HTTP/1.1" 200 435 "-" "PostmanRuntime/7.26.10"
::1 - - [18/Apr/2021:15:58:39 +0000] "GET /api/lessons HTTP/1.1" 200 1240 "-" "PostmanRuntime/7.26.10"
::1 - - [18/Apr/2021:15:58:44 +0000] "GET /api/lessons/607988a4175cde33984b6406 HTTP/1.1" 200 242 "-" "PostmanRuntime/7.26.10"
::1 - - [18/Apr/2021:15:58:51 +0000] "GET /api/chapters HTTP/1.1" 200 456 "-" "PostmanRuntime/7.26.10"
::1 - - [18/Apr/2021:15:59:03 +0000] "POST /api/lessons HTTP/1.1" - - "-" "PostmanRuntime/7.26.10"
