::1 - - [14/Apr/2021:16:21:56 +0000] "GET /api/chapters/6076f6f70b3f53502c7bb2c6 HTTP/1.1" 200 173 "-" "PostmanRuntime/7.26.10"
::1 - - [14/Apr/2021:16:22:00 +0000] "GET /api/chapters/6076f6f70b3f53502c7bb2c1 HTTP/1.1" 400 86 "-" "PostmanRuntime/7.26.10"
::1 - - [14/Apr/2021:16:22:27 +0000] "GET /api/chapters/6076f6f70b3f53502c7bb2c1 HTTP/1.1" 400 92 "-" "PostmanRuntime/7.26.10"
::1 - - [14/Apr/2021:16:27:45 +0000] "GET /api/chapters/6076f6f70b3f53502c7bb2c1 HTTP/1.1" 400 86 "-" "PostmanRuntime/7.26.10"
::1 - - [14/Apr/2021:16:27:50 +0000] "GET /api/chapters/6076f6f70b3f53502c7bb2c6 HTTP/1.1" 200 173 "-" "PostmanRuntime/7.26.10"
::ffff:127.0.0.1 - - [15/Apr/2021:03:18:42 +0000] "GET /api/chapters HTTP/1.1" 200 437 "-" "PostmanRuntime/7.26.10"
::1 - - [15/Apr/2021:03:19:58 +0000] "PUT /api/chapters/6076f6f70b3f53502c7bb2c6 HTTP/1.1" 200 226 "-" "PostmanRuntime/7.26.10"
::1 - - [15/Apr/2021:03:20:09 +0000] "GET /api/chapters HTTP/1.1" 200 490 "-" "PostmanRuntime/7.26.10"
::1 - - [15/Apr/2021:03:21:08 +0000] "POST /api/chapters HTTP/1.1" 200 214 "-" "PostmanRuntime/7.26.10"
::1 - - [15/Apr/2021:03:21:12 +0000] "GET /api/chapters HTTP/1.1" 200 681 "-" "PostmanRuntime/7.26.10"
::1 - - [15/Apr/2021:03:32:59 +0000] "GET /api/chapters HTTP/1.1" 200 26 "-" "PostmanRuntime/7.26.10"
::1 - - [15/Apr/2021:03:33:06 +0000] "GET /api/chapters HTTP/1.1" 200 26 "-" "PostmanRuntime/7.26.10"
::1 - - [15/Apr/2021:03:36:16 +0000] "GET /api/chapters HTTP/1.1" 200 681 "-" "PostmanRuntime/7.26.10"
::1 - - [15/Apr/2021:03:36:46 +0000] "GET /api/chapters HTTP/1.1" 200 26 "-" "PostmanRuntime/7.26.10"
::1 - - [15/Apr/2021:03:36:58 +0000] "GET /api/chapters HTTP/1.1" 200 681 "-" "PostmanRuntime/7.26.10"
::1 - - [15/Apr/2021:05:09:10 +0000] "POST /api/chapters HTTP/1.1" 200 152 "-" "PostmanRuntime/7.26.10"
::1 - - [15/Apr/2021:05:30:51 +0000] "GET /api/chapters?name=%22AI%22 HTTP/1.1" 200 810 "-" "PostmanRuntime/7.26.10"
::1 - - [15/Apr/2021:05:31:12 +0000] "GET /api/chapters?name=ai HTTP/1.1" 200 26 "-" "PostmanRuntime/7.26.10"
::1 - - [15/Apr/2021:05:31:18 +0000] "GET /api/chapters?name=AI HTTP/1.1" 200 26 "-" "PostmanRuntime/7.26.10"
::1 - - [15/Apr/2021:05:31:56 +0000] "GET /api/chapters HTTP/1.1" 200 810 "-" "PostmanRuntime/7.26.10"
::1 - - [15/Apr/2021:05:32:13 +0000] "GET /api/chapters?photo=no-photo.jpg HTTP/1.1" 200 416 "-" "PostmanRuntime/7.26.10"
::1 - - [15/Apr/2021:05:32:18 +0000] "GET /api/chapters HTTP/1.1" 200 810 "-" "PostmanRuntime/7.26.10"
::1 - - [15/Apr/2021:05:32:33 +0000] "GET /api/chapters?name=API HTTP/1.1" 200 26 "-" "PostmanRuntime/7.26.10"
::1 - - [15/Apr/2021:05:32:43 +0000] "GET /api/chapters?name=ai%20guide%20app HTTP/1.1" 200 26 "-" "PostmanRuntime/7.26.10"
::1 - - [15/Apr/2021:05:32:51 +0000] "GET /api/chapters?name=AI%20GUIDE%20APP HTTP/1.1" 200 26 "-" "PostmanRuntime/7.26.10"
::1 - - [15/Apr/2021:05:32:55 +0000] "GET /api/chapters HTTP/1.1" 200 810 "-" "PostmanRuntime/7.26.10"
::1 - - [15/Apr/2021:05:33:07 +0000] "GET /api/chapters?name=AI%20GUIDE%20APP%20... HTTP/1.1" 200 228 "-" "PostmanRuntime/7.26.10"
::1 - - [15/Apr/2021:05:33:13 +0000] "GET /api/chapters HTTP/1.1" 200 810 "-" "PostmanRuntime/7.26.10"
::1 - - [15/Apr/2021:08:15:21 +0000] "GET /api/lessons HTTP/1.1" 200 1058 "-" "PostmanRuntime/7.26.10"
::1 - - [15/Apr/2021:08:15:57 +0000] "GET /api/lessons HTTP/1.1" 200 1068 "-" "PostmanRuntime/7.26.10"
::1 - - [15/Apr/2021:08:17:26 +0000] "GET /api/lessons HTTP/1.1" 200 1068 "-" "PostmanRuntime/7.26.10"
::1 - - [15/Apr/2021:08:18:19 +0000] "GET /api/chapters/6076f6f70b3f53502c7bb2c6 HTTP/1.1" 200 223 "-" "PostmanRuntime/7.26.10"
::1 - - [15/Apr/2021:08:29:48 +0000] "GET /api/chapters/6076f6f70b3f53502c7bb2c6/books HTTP/1.1" 404 185 "-" "PostmanRuntime/7.26.10"
::1 - - [15/Apr/2021:08:30:41 +0000] "GET /api/chapters/6076f6f70b3f53502c7bb2c6/lessons HTTP/1.1" 200 455 "-" "PostmanRuntime/7.26.10"
::1 - - [15/Apr/2021:08:30:47 +0000] "GET /api/chapters HTTP/1.1" 200 413 "-" "PostmanRuntime/7.26.10"
::1 - - [15/Apr/2021:08:30:57 +0000] "GET /api/chapters/6076f93c3159173440e2f3f6/lessons HTTP/1.1" 200 648 "-" "PostmanRuntime/7.26.10"
::1 - - [15/Apr/2021:08:31:47 +0000] "GET /api/chapters/6076f6f70b3f53502c7bb2c6 HTTP/1.1" 200 223 "-" "PostmanRuntime/7.26.10"
::1 - - [15/Apr/2021:08:31:51 +0000] "GET /api/chapters HTTP/1.1" 200 413 "-" "PostmanRuntime/7.26.10"
::1 - - [15/Apr/2021:08:31:54 +0000] "GET /api/lessons HTTP/1.1" 200 1068 "-" "PostmanRuntime/7.26.10"
::1 - - [15/Apr/2021:08:31:59 +0000] "GET /api/chapters/6076f93c3159173440e2f3f6/lessons HTTP/1.1" 200 648 "-" "PostmanRuntime/7.26.10"
::1 - - [15/Apr/2021:14:10:10 +0000] "GET /api/chapters/6076f93c3159173440e2f3f6/lessons HTTP/1.1" 200 648 "-" "PostmanRuntime/7.26.10"
::1 - - [15/Apr/2021:14:15:39 +0000] "GET /api/lessons HTTP/1.1" 200 1897 "-" "PostmanRuntime/7.26.10"
::1 - - [15/Apr/2021:14:16:27 +0000] "GET /api/lessons HTTP/1.1" 200 1244 "-" "PostmanRuntime/7.26.10"
::1 - - [15/Apr/2021:14:19:17 +0000] "GET /api/lessons HTTP/1.1" 200 1479 "-" "PostmanRuntime/7.26.10"
::1 - - [15/Apr/2021:14:24:29 +0000] "GET /api/chapters/6076f93c3159173440e2f3f6/lessons HTTP/1.1" 200 744 "-" "PostmanRuntime/7.26.10"
::1 - - [15/Apr/2021:14:24:40 +0000] "GET /api/chapters/6076f6f70b3f53502c7bb2c6 HTTP/1.1" 200 268 "-" "PostmanRuntime/7.26.10"
::1 - - [15/Apr/2021:14:26:21 +0000] "GET /api/chapters/6076f6f70b3f53502c7bb2c6 HTTP/1.1" 200 751 "-" "PostmanRuntime/7.26.10"
::1 - - [15/Apr/2021:14:26:46 +0000] "GET /api/chapters/6076f6f70b3f53502c7bb2c6/lessons HTTP/1.1" 200 519 "-" "PostmanRuntime/7.26.10"
::1 - - [15/Apr/2021:14:36:22 +0000] "GET /api/chapters/6076c068811c5052e4d64a55 HTTP/1.1" 400 86 "-" "PostmanRuntime/7.26.10"
::1 - - [15/Apr/2021:14:36:33 +0000] "GET /api/chapters/6076f6f70b3f53502c7bb2c6 HTTP/1.1" 200 751 "-" "PostmanRuntime/7.26.10"
::1 - - [15/Apr/2021:14:36:46 +0000] "DELETE /api/chapters/6076f6f70b3f53502c7bb2c6 HTTP/1.1" 200 255 "-" "PostmanRuntime/7.26.10"
::1 - - [15/Apr/2021:14:37:10 +0000] "GET /api/chapters HTTP/1.1" 200 245 "-" "PostmanRuntime/7.26.10"
::1 - - [15/Apr/2021:14:37:26 +0000] "GET /api/lessons HTTP/1.1" 200 954 "-" "PostmanRuntime/7.26.10"
::1 - - [15/Apr/2021:14:44:20 +0000] "GET /api/chapters HTTP/1.1" 200 245 "-" "PostmanRuntime/7.26.10"
::1 - - [15/Apr/2021:14:45:07 +0000] "GET /api/chapters/6076f6f70b3f53502c7bb2c6/lessons HTTP/1.1" 200 36 "-" "PostmanRuntime/7.26.10"
::1 - - [15/Apr/2021:14:45:20 +0000] "GET /api/chapters/6076f93c3159173440e2f3f6/lessons HTTP/1.1" 200 744 "-" "PostmanRuntime/7.26.10"
::1 - - [15/Apr/2021:14:58:48 +0000] "GET /api/lessons/6077f103a8d3281e9c93ed6b HTTP/1.1" 404 96 "-" "PostmanRuntime/7.26.10"
::1 - - [15/Apr/2021:14:58:56 +0000] "GET /api/lessons/6077f103a8d3281e9c93ed6b HTTP/1.1" 404 96 "-" "PostmanRuntime/7.26.10"
::1 - - [15/Apr/2021:14:58:59 +0000] "GET /api/lessons/ HTTP/1.1" 200 954 "-" "PostmanRuntime/7.26.10"
::1 - - [15/Apr/2021:14:59:18 +0000] "GET /api/lessons/6077f103a8d3281e9c93ed6e HTTP/1.1" 200 257 "-" "PostmanRuntime/7.26.10"
::1 - - [15/Apr/2021:15:11:45 +0000] "GET /api/lessons HTTP/1.1" 200 858 "-" "PostmanRuntime/7.26.10"
::1 - - [15/Apr/2021:15:13:34 +0000] "GET /api/chapters/6076f6f70b3f53502c7bb2c6 HTTP/1.1" 400 86 "-" "PostmanRuntime/7.26.10"
::1 - - [15/Apr/2021:15:13:38 +0000] "GET /api/chapters HTTP/1.1" 200 213 "-" "PostmanRuntime/7.26.10"
::1 - - [15/Apr/2021:15:13:49 +0000] "GET /api/lessons HTTP/1.1" 200 858 "-" "PostmanRuntime/7.26.10"
::1 - - [15/Apr/2021:15:13:54 +0000] "POST /api/lessons HTTP/1.1" 400 86 "-" "PostmanRuntime/7.26.10"
::1 - - [15/Apr/2021:15:13:59 +0000] "POST /api/lessons HTTP/1.1" 200 263 "-" "PostmanRuntime/7.26.10"
::1 - - [15/Apr/2021:15:14:33 +0000] "GET /api/lessons HTTP/1.1" 200 1136 "-" "PostmanRuntime/7.26.10"
::1 - - [15/Apr/2021:15:15:49 +0000] "GET /api/lessons HTTP/1.1" 200 1136 "-" "PostmanRuntime/7.26.10"
::1 - - [15/Apr/2021:15:16:59 +0000] "POST /api/chapters HTTP/1.1" 200 159 "-" "PostmanRuntime/7.26.10"
::1 - - [15/Apr/2021:15:17:18 +0000] "POST /api/lessons HTTP/1.1" 200 254 "-" "PostmanRuntime/7.26.10"
::1 - - [15/Apr/2021:15:18:05 +0000] "GET /api/lessons HTTP/1.1" 200 1406 "-" "PostmanRuntime/7.26.10"
::1 - - [15/Apr/2021:15:18:16 +0000] "GET /api/chapters/607858eb69cfe92c1042bf3c/lessons HTTP/1.1" 200 266 "-" "PostmanRuntime/7.26.10"
::1 - - [15/Apr/2021:15:19:01 +0000] "GET /api/chapters HTTP/1.1" 200 349 "-" "PostmanRuntime/7.26.10"
::1 - - [15/Apr/2021:15:21:06 +0000] "GET /api/chapters HTTP/1.1" 200 413 "-" "PostmanRuntime/7.26.10"
::1 - - [15/Apr/2021:15:21:33 +0000] "GET /api/chapters/6076f6f70b3f53502c7bb2c6 HTTP/1.1" 400 86 "-" "PostmanRuntime/7.26.10"
::1 - - [15/Apr/2021:15:21:42 +0000] "GET /api/chapters/6076f93c3159173440e2f3f6 HTTP/1.1" 200 1204 "-" "PostmanRuntime/7.26.10"
::1 - - [15/Apr/2021:15:26:39 +0000] "DELETE /api/lessons/6077f103a8d3281e9c93ed6e HTTP/1.1" 200 257 "-" "PostmanRuntime/7.26.10"
::1 - - [15/Apr/2021:15:26:46 +0000] "DELETE /api/lessons/6077f103a8d3281e9c93ed6e HTTP/1.1" 400 85 "-" "PostmanRuntime/7.26.10"
::1 - - [15/Apr/2021:15:26:57 +0000] "GET /api/lessons HTTP/1.1" 200 1262 "-" "PostmanRuntime/7.26.10"
::1 - - [15/Apr/2021:15:31:01 +0000] "GET /api/lessons HTTP/1.1" 200 1262 "-" "PostmanRuntime/7.26.10"
::1 - - [15/Apr/2021:15:31:17 +0000] "PUT /api/lessons/607858fe69cfe92c1042bf3a HTTP/1.1" 400 85 "-" "PostmanRuntime/7.26.10"
::1 - - [15/Apr/2021:15:31:21 +0000] "PUT /api/lessons/607858fe69cfe92c1042bf3d HTTP/1.1" 200 259 "-" "PostmanRuntime/7.26.10"
::1 - - [15/Apr/2021:15:31:41 +0000] "GET /api/lessons/607858fe69cfe92c1042bf3d HTTP/1.1" 200 259 "-" "PostmanRuntime/7.26.10"
::1 - - [15/Apr/2021:15:31:44 +0000] "GET /api/lessons HTTP/1.1" 200 1267 "-" "PostmanRuntime/7.26.10"
