::1 - - [19/Apr/2021:17:59:10 +0000] "POST /api/users/login HTTP/1.1" 401 124 "-" "PostmanRuntime/7.26.10"
::1 - - [19/Apr/2021:18:00:50 +0000] "POST /api/users/login HTTP/1.1" 401 124 "-" "PostmanRuntime/7.26.10"
::1 - - [19/Apr/2021:18:01:48 +0000] "POST /api/users/login HTTP/1.1" 401 124 "-" "PostmanRuntime/7.26.10"
::1 - - [19/Apr/2021:18:02:28 +0000] "POST /api/users/login HTTP/1.1" 200 439 "-" "PostmanRuntime/7.26.10"
::1 - - [20/Apr/2021:02:53:42 +0000] "POST /api/users/login HTTP/1.1" 200 439 "-" "PostmanRuntime/7.26.10"
::1 - - [20/Apr/2021:02:58:00 +0000] "GET /api/lessons/607988a4175cde33984b6406 HTTP/1.1" 404 125 "-" "PostmanRuntime/7.26.10"
::1 - - [20/Apr/2021:02:58:05 +0000] "GET /api/lessons HTTP/1.1" 200 2455 "-" "PostmanRuntime/7.26.10"
::1 - - [20/Apr/2021:02:58:12 +0000] "GET /api/lessons/607c6eba86033a4820d187ff HTTP/1.1" 200 302 "-" "PostmanRuntime/7.26.10"
::1 - - [20/Apr/2021:03:04:23 +0000] "GET /api/lessons HTTP/1.1" 200 2455 "-" "PostmanRuntime/7.26.10"
::1 - - [20/Apr/2021:03:10:52 +0000] "GET /api/lessons HTTP/1.1" 200 2455 "-" "PostmanRuntime/7.26.10"
::1 - - [20/Apr/2021:03:25:23 +0000] "POST /api/quizs HTTP/1.1" 200 239 "-" "PostmanRuntime/7.26.10"
::1 - - [20/Apr/2021:03:25:31 +0000] "GET /api/quizs HTTP/1.1" 200 314 "-" "PostmanRuntime/7.26.10"
::1 - - [20/Apr/2021:03:25:58 +0000] "GET /api/chapters/6076f6f70b3f53502c7bb2c6/quizs HTTP/1.1" 404 185 "-" "PostmanRuntime/7.26.10"
::1 - - [20/Apr/2021:03:26:10 +0000] "GET /api/lessons/6076f6f70b3f53502c7bb2c6 HTTP/1.1" 404 125 "-" "PostmanRuntime/7.26.10"
::1 - - [20/Apr/2021:03:26:20 +0000] "GET /api/lessons/607e49a3d64eeb1724cbc933 HTTP/1.1" 404 125 "-" "PostmanRuntime/7.26.10"
::1 - - [20/Apr/2021:03:26:36 +0000] "GET /api/quizs HTTP/1.1" 200 314 "-" "PostmanRuntime/7.26.10"
::1 - - [20/Apr/2021:03:26:49 +0000] "GET /api/quizs/607e49a3d64eeb1724cbc933 HTTP/1.1" 200 239 "-" "PostmanRuntime/7.26.10"
::1 - - [20/Apr/2021:03:27:04 +0000] "DELETE /api/quizs/607e49a3d64eeb1724cbc933 HTTP/1.1" 200 280 "-" "PostmanRuntime/7.26.10"
::1 - - [20/Apr/2021:03:27:08 +0000] "GET /api/quizs HTTP/1.1" 200 36 "-" "PostmanRuntime/7.26.10"
::1 - - [20/Apr/2021:03:27:11 +0000] "POST /api/quizs HTTP/1.1" 200 239 "-" "PostmanRuntime/7.26.10"
::1 - - [20/Apr/2021:03:27:40 +0000] "GET /api/quizs HTTP/1.1" 200 314 "-" "PostmanRuntime/7.26.10"
::1 - - [20/Apr/2021:03:27:46 +0000] "PUT /api/quizs/607e4a0fd64eeb1724cbc934 HTTP/1.1" 200 242 "-" "PostmanRuntime/7.26.10"
::1 - - [20/Apr/2021:03:27:50 +0000] "GET /api/quizs HTTP/1.1" 200 317 "-" "PostmanRuntime/7.26.10"
::1 - - [20/Apr/2021:03:28:19 +0000] "GET /api/lessons/607c6eba86033a4820d187ff HTTP/1.1" 200 302 "-" "PostmanRuntime/7.26.10"
::1 - - [20/Apr/2021:03:28:29 +0000] "GET /api/lessons HTTP/1.1" 200 2455 "-" "PostmanRuntime/7.26.10"
::1 - - [20/Apr/2021:03:31:33 +0000] "GET /api/chapters/6076f6f70b3f53502c7bb2c6/quizs HTTP/1.1" 200 254 "-" "PostmanRuntime/7.26.10"
::1 - - [20/Apr/2021:03:32:32 +0000] "GET /api/lessons HTTP/1.1" 200 2455 "-" "PostmanRuntime/7.26.10"
::1 - - [20/Apr/2021:03:33:39 +0000] "GET /api/chapters HTTP/1.1" 200 477 "-" "PostmanRuntime/7.26.10"
::1 - - [20/Apr/2021:03:33:48 +0000] "GET /api/chapters/6076f6f70b3f53502c7bb2c6 HTTP/1.1" 200 1104 "-" "PostmanRuntime/7.26.10"
::1 - - [20/Apr/2021:03:33:51 +0000] "GET /api/chapters HTTP/1.1" 200 477 "-" "PostmanRuntime/7.26.10"
::1 - - [20/Apr/2021:03:36:19 +0000] "GET /api/lessons HTTP/1.1" 200 2455 "-" "PostmanRuntime/7.26.10"
::1 - - [20/Apr/2021:03:36:54 +0000] "POST /api/lessons HTTP/1.1" 400 115 "-" "PostmanRuntime/7.26.10"
::1 - - [20/Apr/2021:03:37:12 +0000] "POST /api/lessons HTTP/1.1" 200 310 "-" "PostmanRuntime/7.26.10"
::1 - - [20/Apr/2021:03:41:19 +0000] "GET /api/chapters HTTP/1.1" 200 26 "-" "PostmanRuntime/7.26.10"
::1 - - [20/Apr/2021:03:41:34 +0000] "POST /api/users/login HTTP/1.1" 401 124 "-" "PostmanRuntime/7.26.10"
::1 - - [20/Apr/2021:03:49:32 +0000] "POST /api/users/login HTTP/1.1" 401 124 "-" "PostmanRuntime/7.26.10"
::1 - - [20/Apr/2021:03:49:46 +0000] "POST /api/users/register HTTP/1.1" 200 437 "-" "PostmanRuntime/7.26.10"
::1 - - [20/Apr/2021:03:49:52 +0000] "GET /api/users HTTP/1.1" 403 154 "-" "PostmanRuntime/7.26.10"
::1 - - [20/Apr/2021:03:50:17 +0000] "POST /api/users/register HTTP/1.1" 500 258 "-" "PostmanRuntime/7.26.10"
::1 - - [20/Apr/2021:03:50:28 +0000] "POST /api/users/register HTTP/1.1" 200 437 "-" "PostmanRuntime/7.26.10"
::1 - - [20/Apr/2021:03:50:33 +0000] "GET /api/users HTTP/1.1" 403 154 "-" "PostmanRuntime/7.26.10"
::1 - - [20/Apr/2021:03:51:07 +0000] "GET /api/users HTTP/1.1" 500 80 "-" "PostmanRuntime/7.26.10"
::1 - - [20/Apr/2021:03:51:26 +0000] "GET /api/users HTTP/1.1" 500 80 "-" "PostmanRuntime/7.26.10"
::1 - - [20/Apr/2021:03:51:35 +0000] "GET /api/chapters HTTP/1.1" 200 477 "-" "PostmanRuntime/7.26.10"
::1 - - [20/Apr/2021:03:51:40 +0000] "GET /api/quizs HTTP/1.1" 200 36 "-" "PostmanRuntime/7.26.10"
::1 - - [20/Apr/2021:03:51:46 +0000] "GET /api/chapters/6076f6f70b3f53502c7bb2c6/quizs HTTP/1.1" 200 36 "-" "PostmanRuntime/7.26.10"
::1 - - [20/Apr/2021:03:55:32 +0000] "GET /api/chapters HTTP/1.1" 200 477 "-" "PostmanRuntime/7.26.10"
::1 - - [20/Apr/2021:03:55:55 +0000] "GET /api/lessons HTTP/1.1" 200 396 "-" "PostmanRuntime/7.26.10"
::1 - - [20/Apr/2021:03:58:03 +0000] "GET /api/chapters HTTP/1.1" 200 26 "-" "PostmanRuntime/7.26.10"
::1 - - [20/Apr/2021:03:58:08 +0000] "POST /api/users/login HTTP/1.1" 401 124 "-" "PostmanRuntime/7.26.10"
::1 - - [20/Apr/2021:03:59:26 +0000] "GET /api/quizs HTTP/1.1" 200 36 "-" "PostmanRuntime/7.26.10"
::1 - - [20/Apr/2021:03:59:35 +0000] "GET /api/lessons HTTP/1.1" 200 396 "-" "PostmanRuntime/7.26.10"
::1 - - [20/Apr/2021:03:59:47 +0000] "POST /api/lessons HTTP/1.1" 500 80 "-" "PostmanRuntime/7.26.10"
::1 - - [20/Apr/2021:04:00:13 +0000] "POST /api/lessons HTTP/1.1" 500 80 "-" "PostmanRuntime/7.26.10"
::1 - - [20/Apr/2021:04:00:19 +0000] "GET /api/chapters HTTP/1.1" 200 477 "-" "PostmanRuntime/7.26.10"
::1 - - [20/Apr/2021:04:00:24 +0000] "GET /api/users HTTP/1.1" 500 80 "-" "PostmanRuntime/7.26.10"
::1 - - [20/Apr/2021:04:00:54 +0000] "POST /api/users/login HTTP/1.1" 401 124 "-" "PostmanRuntime/7.26.10"
::1 - - [20/Apr/2021:04:00:58 +0000] "POST /api/users/login HTTP/1.1" 401 124 "-" "PostmanRuntime/7.26.10"
::1 - - [20/Apr/2021:04:09:04 +0000] "POST /api/lessons HTTP/1.1" 500 80 "-" "PostmanRuntime/7.26.10"
::1 - - [20/Apr/2021:04:09:18 +0000] "POST /api/users/register HTTP/1.1" 200 437 "-" "PostmanRuntime/7.26.10"
::1 - - [20/Apr/2021:04:09:29 +0000] "POST /api/users/login HTTP/1.1" 200 437 "-" "PostmanRuntime/7.26.10"
::1 - - [20/Apr/2021:04:09:35 +0000] "GET /api/lessons HTTP/1.1" 200 396 "-" "PostmanRuntime/7.26.10"
::1 - - [20/Apr/2021:04:23:31 +0000] "POST /api/users/register HTTP/1.1" 200 437 "-" "PostmanRuntime/7.26.10"
::1 - - [20/Apr/2021:04:23:35 +0000] "GET /api/users HTTP/1.1" 200 581 "-" "PostmanRuntime/7.26.10"
::1 - - [20/Apr/2021:04:23:45 +0000] "GET /api/lessons HTTP/1.1" 200 1098 "-" "PostmanRuntime/7.26.10"
::1 - - [20/Apr/2021:04:32:32 +0000] "POST /api/users/register HTTP/1.1" 200 437 "-" "PostmanRuntime/7.26.10"
::1 - - [20/Apr/2021:04:32:46 +0000] "POST /api/users/login HTTP/1.1" 200 437 "-" "PostmanRuntime/7.26.10"
::1 - - [20/Apr/2021:04:33:26 +0000] "POST /api/quizs HTTP/1.1" 400 115 "-" "PostmanRuntime/7.26.10"
::1 - - [20/Apr/2021:04:36:19 +0000] "GET /api/quizs HTTP/1.1" 200 36 "-" "PostmanRuntime/7.26.10"
::1 - - [20/Apr/2021:04:36:38 +0000] "POST /api/chapters HTTP/1.1" 200 188 "-" "PostmanRuntime/7.26.10"
::1 - - [20/Apr/2021:04:36:49 +0000] "POST /api/quizs HTTP/1.1" 200 239 "-" "PostmanRuntime/7.26.10"
::1 - - [20/Apr/2021:04:39:38 +0000] "GET /api/quizs HTTP/1.1" 200 314 "-" "PostmanRuntime/7.26.10"
::1 - - [20/Apr/2021:04:46:25 +0000] "POST /api/users/login HTTP/1.1" 200 437 "-" "PostmanRuntime/7.26.10"
::1 - - [20/Apr/2021:04:46:28 +0000] "GET /api/quizs HTTP/1.1" 200 314 "-" "PostmanRuntime/7.26.10"
::1 - - [20/Apr/2021:04:47:06 +0000] "POST /api/quizs HTTP/1.1" 400 115 "-" "PostmanRuntime/7.26.10"
::1 - - [20/Apr/2021:04:47:13 +0000] "GET /api/chapters HTTP/1.1" 200 477 "-" "PostmanRuntime/7.26.10"
::1 - - [20/Apr/2021:04:47:25 +0000] "POST /api/quizs HTTP/1.1" 200 242 "-" "PostmanRuntime/7.26.10"
::1 - - [20/Apr/2021:04:48:05 +0000] "POST /api/quizs HTTP/1.1" 200 246 "-" "PostmanRuntime/7.26.10"
::1 - - [20/Apr/2021:04:49:51 +0000] "GET /api/quizs HTTP/1.1" 200 882 "-" "PostmanRuntime/7.26.10"
::1 - - [20/Apr/2021:04:55:17 +0000] "GET /api/chapters/6076f6f70b3f53502c7bb2c6/quizs HTTP/1.1" 200 693 "-" "PostmanRuntime/7.26.10"
::1 - - [20/Apr/2021:04:59:28 +0000] "GET /api/quizs HTTP/1.1" 200 882 "-" "PostmanRuntime/7.26.10"
::1 - - [20/Apr/2021:05:07:25 +0000] "GET /api/quizs HTTP/1.1" 200 882 "-" "PostmanRuntime/7.26.10"
::1 - - [20/Apr/2021:05:25:08 +0000] "POST /api/users/register HTTP/1.1" 500 426 "-" "PostmanRuntime/7.26.10"
::1 - - [20/Apr/2021:05:25:18 +0000] "POST /api/users/register HTTP/1.1" 200 438 "-" "PostmanRuntime/7.26.10"
::1 - - [20/Apr/2021:06:17:51 +0000] "POST /api/questions HTTP/1.1" 403 154 "-" "PostmanRuntime/7.26.10"
::1 - - [20/Apr/2021:06:18:08 +0000] "POST /api/users/login HTTP/1.1" 401 124 "-" "PostmanRuntime/7.26.10"
::1 - - [20/Apr/2021:06:18:15 +0000] "POST /api/users/login HTTP/1.1" 200 437 "-" "PostmanRuntime/7.26.10"
::1 - - [20/Apr/2021:06:18:25 +0000] "POST /api/questions HTTP/1.1" 400 97 "-" "PostmanRuntime/7.26.10"
::1 - - [20/Apr/2021:06:18:59 +0000] "GET /api/quizs HTTP/1.1" 200 882 "-" "PostmanRuntime/7.26.10"
::1 - - [20/Apr/2021:06:19:06 +0000] "POST /api/questions HTTP/1.1" 500 500 "-" "PostmanRuntime/7.26.10"
::1 - - [20/Apr/2021:06:19:27 +0000] "POST /api/questions HTTP/1.1" 200 381 "-" "PostmanRuntime/7.26.10"
::1 - - [20/Apr/2021:06:19:49 +0000] "GET /api/questions HTTP/1.1" 200 464 "-" "PostmanRuntime/7.26.10"
::1 - - [20/Apr/2021:06:20:59 +0000] "GET /api/quizs/607e5d05b82c121018c884ce/questions HTTP/1.1" 404 186 "-" "PostmanRuntime/7.26.10"
::1 - - [20/Apr/2021:06:22:46 +0000] "GET /api/quizs/607e5d05b82c121018c884ce/questions HTTP/1.1" 500 77 "-" "PostmanRuntime/7.26.10"
::1 - - [20/Apr/2021:06:24:53 +0000] "GET /api/quizs/607e5d05b82c121018c884ce/questions HTTP/1.1" 200 393 "-" "PostmanRuntime/7.26.10"
::1 - - [20/Apr/2021:06:25:30 +0000] "GET /api/questions/607e726f65292a25a489b6f0 HTTP/1.1" 200 381 "-" "PostmanRuntime/7.26.10"
::1 - - [20/Apr/2021:06:25:38 +0000] "DELETE /api/questions/607e726f65292a25a489b6f0 HTTP/1.1" 200 381 "-" "PostmanRuntime/7.26.10"
::1 - - [20/Apr/2021:06:25:42 +0000] "GET /api/questions HTTP/1.1" 200 464 "-" "PostmanRuntime/7.26.10"
::1 - - [20/Apr/2021:06:25:47 +0000] "GET /api/questions HTTP/1.1" 200 464 "-" "PostmanRuntime/7.26.10"
::1 - - [20/Apr/2021:06:27:13 +0000] "DELETE /api/questions/607e726f65292a25a489b6f0 HTTP/1.1" 200 381 "-" "PostmanRuntime/7.26.10"
::1 - - [20/Apr/2021:06:27:17 +0000] "GET /api/questions HTTP/1.1" 200 36 "-" "PostmanRuntime/7.26.10"
::1 - - [20/Apr/2021:06:27:28 +0000] "POST /api/questions HTTP/1.1" 200 381 "-" "PostmanRuntime/7.26.10"
::1 - - [20/Apr/2021:06:27:45 +0000] "GET /api/questions HTTP/1.1" 200 464 "-" "PostmanRuntime/7.26.10"
::1 - - [21/Apr/2021:11:31:18 +0000] "GET /api/chapters HTTP/1.1" 200 477 "-" "PostmanRuntime/7.26.10"
::1 - - [21/Apr/2021:11:32:34 +0000] "POST /api/chapters HTTP/1.1" 200 189 "-" "PostmanRuntime/7.26.10"
::1 - - [21/Apr/2021:11:32:41 +0000] "GET /api/chapters HTTP/1.1" 200 643 "-" "PostmanRuntime/7.26.10"
::1 - - [21/Apr/2021:14:41:18 +0000] "POST /api/users/register HTTP/1.1" 500 258 "-" "PostmanRuntime/7.26.10"
::1 - - [21/Apr/2021:15:00:38 +0000] "POST /api/users/login HTTP/1.1" 200 437 "-" "PostmanRuntime/7.26.10"
::1 - - [21/Apr/2021:15:00:41 +0000] "GET /api/quizs HTTP/1.1" 200 882 "-" "PostmanRuntime/7.26.10"
::1 - - [21/Apr/2021:15:19:23 +0000] "GET /uploads/photo_6076f93c3159173440e2f3f6.jpg HTTP/1.1" 404 181 "-" "Mozilla/5.0 (Windows NT 10.0; Win64; x64) AppleWebKit/537.36 (KHTML, like Gecko) Chrome/90.0.4430.72 Safari/537.36"
::1 - - [21/Apr/2021:15:19:37 +0000] "GET /uploads/chapters/photo_6076f93c3159173440e2f3f6.jpg HTTP/1.1" 200 203519 "-" "Mozilla/5.0 (Windows NT 10.0; Win64; x64) AppleWebKit/537.36 (KHTML, like Gecko) Chrome/90.0.4430.72 Safari/537.36"
::1 - - [21/Apr/2021:15:19:38 +0000] "GET /favicon.ico HTTP/1.1" 404 150 "http://localhost:8000/uploads/chapters/photo_6076f93c3159173440e2f3f6.jpg" "Mozilla/5.0 (Windows NT 10.0; Win64; x64) AppleWebKit/537.36 (KHTML, like Gecko) Chrome/90.0.4430.72 Safari/537.36"
::1 - - [21/Apr/2021:15:23:38 +0000] "GET /uploads/chapters/photo_6076f93c3159173440e2f3f6.jpg HTTP/1.1" 304 - "-" "Mozilla/5.0 (Windows NT 10.0; Win64; x64) AppleWebKit/537.36 (KHTML, like Gecko) Chrome/90.0.4430.72 Safari/537.36"
::1 - - [21/Apr/2021:15:24:20 +0000] "GET /uploads/photo_6076f93c3159173440e2f3f6.jpg HTTP/1.1" 404 181 "-" "Mozilla/5.0 (Windows NT 10.0; Win64; x64) AppleWebKit/537.36 (KHTML, like Gecko) Chrome/90.0.4430.72 Safari/537.36"
::1 - - [21/Apr/2021:15:25:02 +0000] "GET /uploads/chapters/photo_6076f93c3159173440e2f3f6.jpg HTTP/1.1" 304 - "-" "Mozilla/5.0 (Windows NT 10.0; Win64; x64) AppleWebKit/537.36 (KHTML, like Gecko) Chrome/90.0.4430.72 Safari/537.36"
::ffff:127.0.0.1 - - [21/Apr/2021:15:27:45 +0000] "GET /uploads/chapters/photo_6076f93c3159173440e2f3f6.jpg HTTP/1.1" 200 203519 "-" "Mozilla/5.0 (Windows NT 10.0; Win64; x64) AppleWebKit/537.36 (KHTML, like Gecko) Chrome/90.0.4430.72 Safari/537.36"
::ffff:127.0.0.1 - - [21/Apr/2021:15:27:45 +0000] "GET /favicon.ico HTTP/1.1" 404 150 "http://127.0.0.1:8000/uploads/chapters/photo_6076f93c3159173440e2f3f6.jpg" "Mozilla/5.0 (Windows NT 10.0; Win64; x64) AppleWebKit/537.36 (KHTML, like Gecko) Chrome/90.0.4430.72 Safari/537.36"
::1 - - [21/Apr/2021:15:28:14 +0000] "GET /api/quizs HTTP/1.1" 200 882 "-" "PostmanRuntime/7.26.10"
::ffff:127.0.0.1 - - [21/Apr/2021:15:45:21 +0000] "POST /api/users/register HTTP/1.1" 200 441 "-" "PostmanRuntime/7.26.10"
::1 - - [21/Apr/2021:15:45:33 +0000] "POST /api/users/login HTTP/1.1" 200 437 "-" "PostmanRuntime/7.26.10"
::1 - - [21/Apr/2021:15:45:35 +0000] "GET /api/users HTTP/1.1" 200 858 "-" "PostmanRuntime/7.26.10"
::ffff:127.0.0.1 - - [21/Apr/2021:15:46:20 +0000] "POST /api/users/register HTTP/1.1" 200 449 "-" "PostmanRuntime/7.26.10"
::1 - - [21/Apr/2021:15:46:24 +0000] "GET /api/users HTTP/1.1" 200 1008 "-" "PostmanRuntime/7.26.10"
